<?xml version="1.0" encoding="UTF-8"?>
<!-- Generated by org.testng.reporters.JUnitReportReporter -->
<testsuite hostname="LAPTOP-037UBU88" failures="0" tests="1" name="GetCallBDD" time="2.160" errors="0" timestamp="2022-05-28T17:12:42 IST" skipped="0">
  <testcase classname="GetCallBDD" name="firstRequest" time="2.160"/>
  <system-out/>
</testsuite> <!-- GetCallBDD -->
